[debug] [2026-01-07T11:04:29.885Z] ----------------------------------------------------------------------
[debug] [2026-01-07T11:04:29.886Z] Command:       /home/nviraj/.nvm/versions/node/v24.12.0/bin/node /home/nviraj/.nvm/versions/node/v24.12.0/bin/firebase init
[debug] [2026-01-07T11:04:29.886Z] CLI Version:   15.1.0
[debug] [2026-01-07T11:04:29.886Z] Platform:      linux
[debug] [2026-01-07T11:04:29.886Z] Node Version:  v24.12.0
[debug] [2026-01-07T11:04:29.886Z] Time:          Wed Jan 07 2026 16:34:29 GMT+0530 (India Standard Time)
[debug] [2026-01-07T11:04:29.887Z] ----------------------------------------------------------------------
[debug] 
[info] 
     ######## #### ########  ######## ########     ###     ######  ########
     ##        ##  ##     ## ##       ##     ##  ##   ##  ##       ##
     ######    ##  ########  ######   ########  #########  ######  ######
     ##        ##  ##    ##  ##       ##     ## ##     ##       ## ##
     ##       #### ##     ## ######## ########  ##     ##  ######  ########

You're about to initialize a Firebase project in this directory:

  /home/nviraj/Work/alexiAId

[debug] [2026-01-07T11:04:57.522Z] ExitPromptError: User force closed the prompt with SIGINT
    at Interface.sigint (/home/nviraj/.nvm/versions/node/v24.12.0/lib/node_modules/firebase-tools/node_modules/@inquirer/core/dist/commonjs/lib/create-prompt.js:101:37)
    at Interface.emit (node:events:508:28)
    at [_ttyWrite] [as _ttyWrite] (node:internal/readline/interface:1327:18)
    at ReadStream.onkeypress (node:internal/readline/interface:284:20)
    at ReadStream.emit (node:events:520:35)
    at emitKeys (node:internal/readline/utils:371:14)
    at emitKeys.next (<anonymous>)
    at ReadStream.onData (node:internal/readline/emitKeypressEvents:64:36)
    at ReadStream.emit (node:events:508:28)
    at addChunk (node:internal/streams/readable:559:12)
[error] 
[error] Error: An unexpected error has occurred.
